
P A U P *
Version 4.0a (build 168) for Unix/Linux (built on Aug  2 2020 at 07:10:27)
Wed Dec 15 11:56:01 2021


Tree description:

  Optimality criterion = parsimony
    Character-status summary:
      Of 92 total characters:
        All characters are of type 'unord'
        All characters have equal weight
        18 characters are parsimony-uninformative
        Number of parsimony-informative characters = 74
    Character-state optimization: Accelerated transformation (ACCTRAN)
                                  AncStates = "standard"

Tree 1:

Branch lengths and linkages for tree #1

                                     Assigned       Minimum       Maximum
                    Connected          branch      possible      possible
   Node              to node           length        length        length
-------------------------------------------------------------------------
    38                root                  0             0             0
    37                  38                 87             0            87
    36                  37                 23             3            34
    35                  36                 13             8            16
    34                  35                 23            15            30
    33                  34                 14            11            17
    32                  33                  4             1             6
    31                  32                  3             2             6
    22                  31                  1             1             1
    21                  22                  5             4             5
CO8PA1 (1)              21                  6             5             6
CO8PA18 (9)             21                 13            13            14
CO8PA5 (16)             22                  4             4             4
    30                  31                  2             2             2
    23                  30                  2             2             2
CO8PA11 (3)             23                  3             3             3
CO8PA7 (18)             23                  3             3             3
    29                  30                  2             1             2
    26                  29                  2             2             3
    25                  26                  4             3             4
    24                  25                  4             4             5
CO8PA14 (6)             24                  6             5             6
CO8PA20 (12)            24                  5             5             6
CO8PA17 (8)             25                  7             6             8
CO8PA8 (19)             26                  3             3             4
    28                  29                  4             3             4
    27                  28                  4             2             4
CO8PA16 (7)             27                 16            14            16
CO8PA3 (15)             27                  0             0             2
CO8PA6 (17)             28                  1             1             1
CO8PA23 (13)            30                  3             3             3
CO8PA10 (2)             32                  3             0             4
CO8PA2 (11)             33                  9             7            11
CO8PA19 (10)            34                  6             3            10
CO8PA13 (5)             35                 26            19            36
CO8PA24 (14)            36                 13            10            23
CO8PA12 (4)             37                 11             0            31
diploid (20)*           38                  0             0            87
-------------------------------------------------------------------------
Sum                                       335

Data matrix and reconstructed states for internal nodes:

                     1         2         3         4         5         6         7         8         9 9
Taxon/Node  12345678901234567890123456789012345678901234567890123456789012345678901234567890123456789012
--------------------------------------------------------------------------------------------------------
CO8PA1      443666534555555553334445555555544455666444454433334466333335555555333433477555C6CC5555444242
CO8PA10     443666534555555554444445555555555555666444444443334466333335555554334433475555BDDD5554444342
CO8PA11     443666534555555554444445555555555555666444444443334466333335555555333433475555B5CC4455433232
CO8PA12     44444444444444344444444444444444444444444444444443444444444444444444444443334444444444422222
CO8PA13     33355543444444444444333444444444444555533333333333446533333444444433333355555574774444344443
CO8PA14     433665534555555554444445555555555555666444444433333355333335555555333433466555BBBB5555444243
CO8PA16     433664434555555554444334445555555555666444444443334465443335555555334433665555A5AA4455444442
CO8PA17     433665534555555554444445555555555555666444444333334465443335555555333433475555B6BB4454433332
CO8PA18     443666344555555564444445555555544455666444444443334465333335555555334433466655A5BB5555444343
CO8PA19     443666443555555554445335555555555555666444444443334455333334444444334433477755959E5544344242
CO8PA2      443555433555555554444445555555555555666444444443334466333335555554334433575555B4EE5554433333
CO8PA20     433666434555555554444445555555555555666444444333334465333335555555333433466644BBBB5554444242
CO8PA23     443666334555555554444445555555555555666444444443334465333335555555333433465555B6CC4454444242
CO8PA24     44466654444444555444333444555554444444444444444333445633444555555534443355554494AA4346344242
CO8PA3      433665334555555554444445555555555555666444444443334466443335555555333433455555CCCC4455444242
CO8PA5      433666534555555554444445555555555555666444444444444466333335555555333433475555C6CC5554444242
CO8PA6      443665534555555554444445555555555555666444444443334466443335555555333433475555CCCC4454444342
CO8PA7      443665534555555554444445555555555555666444444443334466333335555555333433777555B5CC4455444242
CO8PA8      443665544555555554444445555555555555666444444443334466333335555555334433455555BBBB4454444242
diploid     22222222222222222222222222222222222222222222222222222222222222222222222222222222222222222222
21          443666534555555554444445555555544455666444444443334466333335555555333433476555C6CC5555444242
22          443666534555555554444445555555555555666444444443334466333335555555333433475555C6CC5554444242
23          443666534555555554444445555555555555666444444443334466333335555555333433475555B5CC4455444242
24          433665534555555554444445555555555555666444444333334465333335555555333433466555BBBB5554444242
25          433665534555555554444445555555555555666444444333334465333335555555333433475555BBBB4454444242
26          443665534555555554444445555555555555666444444443334466333335555555333433475555BBBB4454444242
27          433665334555555554444445555555555555666444444443334466443335555555333433455555CCCC4455444242
28          443665534555555554444445555555555555666444444443334466443335555555333433475555CCCC4454444242
29          443665534555555554444445555555555555666444444443334466333335555555333433475555BBCC4454444242
30          443666534555555554444445555555555555666444444443334466333335555555333433475555B6CC4454444242
31          443666534555555554444445555555555555666444444443334466333335555555333433475555B6CC5554444242
32          443666534555555554444445555555555555666444444443334466333335555554334433475555B6CC5554444342
33          443666433555555554444445555555555555666444444443334466333335555554334433475555B4CE5554444342
34          443666433555555554444335555555555555666444444443334465333334444444334433475555949E5544344242
35          44366643444444555444333444555554444555544444444333446533333444444433443355555594774444344242
36          44466644444444555444333444555554444444444444444333445533444444444434443355554494774444344242
37          44444444444444344444333444444444444444444444444333444433444444444434443343334444444444322222
38          22222222222222222222222222222222222222222222222222222222222222222222222222222222222222222222

Tree length = 335
Consistency index (CI) = 0.6716
Homoplasy index (HI) = 0.3284
CI excluding uninformative characters = 0.6296
HI excluding uninformative characters = 0.3704
Retention index (RI) = 0.4931
Rescaled consistency index (RC) = 0.3312

Tree 2:

Branch lengths and linkages for tree #2

                                     Assigned       Minimum       Maximum
                    Connected          branch      possible      possible
   Node              to node           length        length        length
-------------------------------------------------------------------------
    38                root                  0             0             0
    37                  38                 87             0            87
    36                  37                 23             3            34
    35                  36                 13             8            16
    34                  35                 23            15            30
    33                  34                 14            11            17
    32                  33                  4             1             6
    31                  32                  3             2             6
    21                  31                  1             1             1
CO8PA1 (1)              21                 10            10            10
CO8PA5 (16)             21                  4             4             4
    30                  31                  2             2             2
    25                  30                  2             2             2
CO8PA11 (3)             25                  3             3             3
    24                  25                  1             1             1
    23                  24                  4             2             4
CO8PA16 (7)             23                 14            14            16
    22                  23                  2             1             2
CO8PA3 (15)             22                  2             2             3
CO8PA6 (17)             22                  3             2             3
CO8PA7 (18)             24                  2             2             2
    29                  30                  4             2             4
    28                  29                  4             3             4
    27                  28                  6             4             7
    26                  27                  3             2             3
CO8PA14 (6)             26                  5             3             5
CO8PA18 (9)             26                 12            12            14
CO8PA20 (12)            27                  3             3             6
CO8PA17 (8)             28                  7             6             9
CO8PA8 (19)             29                  3             3             5
CO8PA23 (13)            30                  3             3             3
CO8PA10 (2)             32                  3             0             4
CO8PA2 (11)             33                  9             7            11
CO8PA19 (10)            34                  6             3            10
CO8PA13 (5)             35                 26            19            36
CO8PA24 (14)            36                 13            10            23
CO8PA12 (4)             37                 11             0            31
diploid (20)*           38                  0             0            87
-------------------------------------------------------------------------
Sum                                       335

Data matrix and reconstructed states for internal nodes:

                     1         2         3         4         5         6         7         8         9 9
Taxon/Node  12345678901234567890123456789012345678901234567890123456789012345678901234567890123456789012
--------------------------------------------------------------------------------------------------------
CO8PA1      443666534555555553334445555555544455666444454433334466333335555555333433477555C6CC5555444242
CO8PA10     443666534555555554444445555555555555666444444443334466333335555554334433475555BDDD5554444342
CO8PA11     443666534555555554444445555555555555666444444443334466333335555555333433475555B5CC4455433232
CO8PA12     44444444444444344444444444444444444444444444444443444444444444444444444443334444444444422222
CO8PA13     33355543444444444444333444444444444555533333333333446533333444444433333355555574774444344443
CO8PA14     433665534555555554444445555555555555666444444433333355333335555555333433466555BBBB5555444243
CO8PA16     433664434555555554444334445555555555666444444443334465443335555555334433665555A5AA4455444442
CO8PA17     433665534555555554444445555555555555666444444333334465443335555555333433475555B6BB4454433332
CO8PA18     443666344555555564444445555555544455666444444443334465333335555555334433466655A5BB5555444343
CO8PA19     443666443555555554445335555555555555666444444443334455333334444444334433477755959E5544344242
CO8PA2      443555433555555554444445555555555555666444444443334466333335555554334433575555B4EE5554433333
CO8PA20     433666434555555554444445555555555555666444444333334465333335555555333433466644BBBB5554444242
CO8PA23     443666334555555554444445555555555555666444444443334465333335555555333433465555B6CC4454444242
CO8PA24     44466654444444555444333444555554444444444444444333445633444555555534443355554494AA4346344242
CO8PA3      433665334555555554444445555555555555666444444443334466443335555555333433455555CCCC4455444242
CO8PA5      433666534555555554444445555555555555666444444444444466333335555555333433475555C6CC5554444242
CO8PA6      443665534555555554444445555555555555666444444443334466443335555555333433475555CCCC4454444342
CO8PA7      443665534555555554444445555555555555666444444443334466333335555555333433777555B5CC4455444242
CO8PA8      443665544555555554444445555555555555666444444443334466333335555555334433455555BBBB4454444242
diploid     22222222222222222222222222222222222222222222222222222222222222222222222222222222222222222222
21          443666534555555554444445555555555555666444444443334466333335555555333433475555C6CC5554444242
22          433665534555555554444445555555555555666444444443334466443335555555333433475555CCCC4455444242
23          433665534555555554444445555555555555666444444443334466443335555555333433475555A5CC4455444242
24          443665534555555554444445555555555555666444444443334466333335555555333433475555B5CC4455444242
25          443666534555555554444445555555555555666444444443334466333335555555333433475555B5CC4455444242
26          433666534555555554444445555555555555666444444433334465333335555555333433466655BBBB5555444243
27          433666534555555554444445555555555555666444444333334465333335555555333433466655BBBB5554444242
28          433665534555555554444445555555555555666444444333334465333335555555333433475555BBBB4454444242
29          443665534555555554444445555555555555666444444443334466333335555555333433475555BBBB4454444242
30          443666534555555554444445555555555555666444444443334466333335555555333433475555B6CC4454444242
31          443666534555555554444445555555555555666444444443334466333335555555333433475555B6CC5554444242
32          443666534555555554444445555555555555666444444443334466333335555554334433475555B6CC5554444342
33          443666433555555554444445555555555555666444444443334466333335555554334433475555B4CE5554444342
34          443666433555555554444335555555555555666444444443334465333334444444334433475555949E5544344242
35          44366643444444555444333444555554444555544444444333446533333444444433443355555594774444344242
36          44466644444444555444333444555554444444444444444333445533444444444434443355554494774444344242
37          44444444444444344444333444444444444444444444444333444433444444444434443343334444444444322222
38          22222222222222222222222222222222222222222222222222222222222222222222222222222222222222222222

Tree length = 335
Consistency index (CI) = 0.6716
Homoplasy index (HI) = 0.3284
CI excluding uninformative characters = 0.6296
HI excluding uninformative characters = 0.3704
Retention index (RI) = 0.4931
Rescaled consistency index (RC) = 0.3312

Tree 3:

Branch lengths and linkages for tree #3

                                     Assigned       Minimum       Maximum
                    Connected          branch      possible      possible
   Node              to node           length        length        length
-------------------------------------------------------------------------
    39                root                  0             0             0
    38                  39                 87             0            87
    37                  38                 23             3            34
    36                  37                 13             8            16
    35                  36                 23            15            30
    34                  35                 14            11            17
    33                  34                  4             1             6
    32                  33                  3             2             6
    21                  32                  1             1             1
CO8PA1 (1)              21                 10            10            10
CO8PA5 (16)             21                  4             4             4
    31                  32                  2             2             2
    30                  31                  2             1             2
CO8PA11 (3)             30                  3             3             4
    29                  30                  1             1             1
    28                  29                  2             0             2
    25                  28                  2             2             4
    24                  25                  4             3             4
    23                  24                  6             4             6
    22                  23                  3             2             3
CO8PA14 (6)             22                  5             3             5
CO8PA18 (9)             22                 12            12            14
CO8PA20 (12)            23                  3             3             6
CO8PA17 (8)             24                  7             7             8
CO8PA8 (19)             25                  3             3             3
    27                  28                  4             3             4
    26                  27                  4             1             4
CO8PA16 (7)             26                 16            13            16
CO8PA3 (15)             26                  0             0             3
CO8PA6 (17)             27                  1             1             3
CO8PA7 (18)             29                  2             2             3
CO8PA23 (13)            31                  3             3             3
CO8PA10 (2)             33                  3             0             4
CO8PA2 (11)             34                  9             7            11
CO8PA19 (10)            35                  6             3            10
CO8PA13 (5)             36                 26            19            36
CO8PA24 (14)            37                 13            10            23
CO8PA12 (4)             38                 11             0            31
diploid (20)*           39                  0             0            87
-------------------------------------------------------------------------
Sum                                       335

Data matrix and reconstructed states for internal nodes:

                     1         2         3         4         5         6         7         8         9 9
Taxon/Node  12345678901234567890123456789012345678901234567890123456789012345678901234567890123456789012
--------------------------------------------------------------------------------------------------------
CO8PA1      443666534555555553334445555555544455666444454433334466333335555555333433477555C6CC5555444242
CO8PA10     443666534555555554444445555555555555666444444443334466333335555554334433475555BDDD5554444342
CO8PA11     443666534555555554444445555555555555666444444443334466333335555555333433475555B5CC4455433232
CO8PA12     44444444444444344444444444444444444444444444444443444444444444444444444443334444444444422222
CO8PA13     33355543444444444444333444444444444555533333333333446533333444444433333355555574774444344443
CO8PA14     433665534555555554444445555555555555666444444433333355333335555555333433466555BBBB5555444243
CO8PA16     433664434555555554444334445555555555666444444443334465443335555555334433665555A5AA4455444442
CO8PA17     433665534555555554444445555555555555666444444333334465443335555555333433475555B6BB4454433332
CO8PA18     443666344555555564444445555555544455666444444443334465333335555555334433466655A5BB5555444343
CO8PA19     443666443555555554445335555555555555666444444443334455333334444444334433477755959E5544344242
CO8PA2      443555433555555554444445555555555555666444444443334466333335555554334433575555B4EE5554433333
CO8PA20     433666434555555554444445555555555555666444444333334465333335555555333433466644BBBB5554444242
CO8PA23     443666334555555554444445555555555555666444444443334465333335555555333433465555B6CC4454444242
CO8PA24     44466654444444555444333444555554444444444444444333445633444555555534443355554494AA4346344242
CO8PA3      433665334555555554444445555555555555666444444443334466443335555555333433455555CCCC4455444242
CO8PA5      433666534555555554444445555555555555666444444444444466333335555555333433475555C6CC5554444242
CO8PA6      443665534555555554444445555555555555666444444443334466443335555555333433475555CCCC4454444342
CO8PA7      443665534555555554444445555555555555666444444443334466333335555555333433777555B5CC4455444242
CO8PA8      443665544555555554444445555555555555666444444443334466333335555555334433455555BBBB4454444242
diploid     22222222222222222222222222222222222222222222222222222222222222222222222222222222222222222222
21          443666534555555554444445555555555555666444444443334466333335555555333433475555C6CC5554444242
22          433666534555555554444445555555555555666444444433334465333335555555333433466655BBBB5555444243
23          433666534555555554444445555555555555666444444333334465333335555555333433466655BBBB5554444242
24          433665534555555554444445555555555555666444444333334465333335555555333433475555BBBB4454444242
25          443665534555555554444445555555555555666444444443334466333335555555333433475555BBBB4454444242
26          433665334555555554444445555555555555666444444443334466443335555555333433455555CCCC4455444242
27          443665534555555554444445555555555555666444444443334466443335555555333433475555CCCC4454444242
28          443665534555555554444445555555555555666444444443334466333335555555333433475555BBCC4454444242
29          443665534555555554444445555555555555666444444443334466333335555555333433475555B5CC4455444242
30          443666534555555554444445555555555555666444444443334466333335555555333433475555B5CC4455444242
31          443666534555555554444445555555555555666444444443334466333335555555333433475555B6CC4454444242
32          443666534555555554444445555555555555666444444443334466333335555555333433475555B6CC5554444242
33          443666534555555554444445555555555555666444444443334466333335555554334433475555B6CC5554444342
34          443666433555555554444445555555555555666444444443334466333335555554334433475555B4CE5554444342
35          443666433555555554444335555555555555666444444443334465333334444444334433475555949E5544344242
36          44366643444444555444333444555554444555544444444333446533333444444433443355555594774444344242
37          44466644444444555444333444555554444444444444444333445533444444444434443355554494774444344242
38          44444444444444344444333444444444444444444444444333444433444444444434443343334444444444322222
39          22222222222222222222222222222222222222222222222222222222222222222222222222222222222222222222

Tree length = 335
Consistency index (CI) = 0.6716
Homoplasy index (HI) = 0.3284
CI excluding uninformative characters = 0.6296
HI excluding uninformative characters = 0.3704
Retention index (RI) = 0.4931
Rescaled consistency index (RC) = 0.3312

Tree 4:

Branch lengths and linkages for tree #4

                                     Assigned       Minimum       Maximum
                    Connected          branch      possible      possible
   Node              to node           length        length        length
-------------------------------------------------------------------------
    38                root                  0             0             0
    37                  38                 87             0            87
    36                  37                 23             3            34
    35                  36                 13             8            16
    34                  35                 23            15            30
    33                  34                 14            11            17
    32                  33                  4             1             6
    31                  32                  3             2             6
    21                  31                  1             1             1
CO8PA1 (1)              21                 10            10            10
CO8PA5 (16)             21                  4             4             4
    30                  31                  2             2             2
    22                  30                  2             2             2
CO8PA11 (3)             22                  3             3             3
CO8PA7 (18)             22                  3             3             3
    29                  30                  2             1             2
    26                  29                  2             2             3
    25                  26                  3             3             3
    24                  25                  6             4             7
CO8PA14 (6)             24                  3             3             5
    23                  24                  3             2             3
CO8PA18 (9)             23                 11            11            14
CO8PA20 (12)            23                  6             3             6
CO8PA17 (8)             25                  8             7             8
CO8PA8 (19)             26                  3             3             4
    28                  29                  4             3             4
    27                  28                  4             2             4
CO8PA16 (7)             27                 16            14            16
CO8PA3 (15)             27                  0             0             2
CO8PA6 (17)             28                  1             1             1
CO8PA23 (13)            30                  3             3             3
CO8PA10 (2)             32                  3             0             4
CO8PA2 (11)             33                  9             7            11
CO8PA19 (10)            34                  6             3            10
CO8PA13 (5)             35                 26            19            36
CO8PA24 (14)            36                 13            10            23
CO8PA12 (4)             37                 11             0            31
diploid (20)*           38                  0             0            87
-------------------------------------------------------------------------
Sum                                       335

Data matrix and reconstructed states for internal nodes:

                     1         2         3         4         5         6         7         8         9 9
Taxon/Node  12345678901234567890123456789012345678901234567890123456789012345678901234567890123456789012
--------------------------------------------------------------------------------------------------------
CO8PA1      443666534555555553334445555555544455666444454433334466333335555555333433477555C6CC5555444242
CO8PA10     443666534555555554444445555555555555666444444443334466333335555554334433475555BDDD5554444342
CO8PA11     443666534555555554444445555555555555666444444443334466333335555555333433475555B5CC4455433232
CO8PA12     44444444444444344444444444444444444444444444444443444444444444444444444443334444444444422222
CO8PA13     33355543444444444444333444444444444555533333333333446533333444444433333355555574774444344443
CO8PA14     433665534555555554444445555555555555666444444433333355333335555555333433466555BBBB5555444243
CO8PA16     433664434555555554444334445555555555666444444443334465443335555555334433665555A5AA4455444442
CO8PA17     433665534555555554444445555555555555666444444333334465443335555555333433475555B6BB4454433332
CO8PA18     443666344555555564444445555555544455666444444443334465333335555555334433466655A5BB5555444343
CO8PA19     443666443555555554445335555555555555666444444443334455333334444444334433477755959E5544344242
CO8PA2      443555433555555554444445555555555555666444444443334466333335555554334433575555B4EE5554433333
CO8PA20     433666434555555554444445555555555555666444444333334465333335555555333433466644BBBB5554444242
CO8PA23     443666334555555554444445555555555555666444444443334465333335555555333433465555B6CC4454444242
CO8PA24     44466654444444555444333444555554444444444444444333445633444555555534443355554494AA4346344242
CO8PA3      433665334555555554444445555555555555666444444443334466443335555555333433455555CCCC4455444242
CO8PA5      433666534555555554444445555555555555666444444444444466333335555555333433475555C6CC5554444242
CO8PA6      443665534555555554444445555555555555666444444443334466443335555555333433475555CCCC4454444342
CO8PA7      443665534555555554444445555555555555666444444443334466333335555555333433777555B5CC4455444242
CO8PA8      443665544555555554444445555555555555666444444443334466333335555555334433455555BBBB4454444242
diploid     22222222222222222222222222222222222222222222222222222222222222222222222222222222222222222222
21          443666534555555554444445555555555555666444444443334466333335555555333433475555C6CC5554444242
22          443666534555555554444445555555555555666444444443334466333335555555333433475555B5CC4455444242
23          433666334555555554444445555555555555666444444433334465333335555555333433466655BBBB5555444243
24          433665534555555554444445555555555555666444444433334465333335555555333433466555BBBB5555444243
25          433665534555555554444445555555555555666444444433334465333335555555333433475555BBBB4454444242
26          443665534555555554444445555555555555666444444443334466333335555555333433475555BBBB4454444242
27          433665334555555554444445555555555555666444444443334466443335555555333433455555CCCC4455444242
28          443665534555555554444445555555555555666444444443334466443335555555333433475555CCCC4454444242
29          443665534555555554444445555555555555666444444443334466333335555555333433475555BBCC4454444242
30          443666534555555554444445555555555555666444444443334466333335555555333433475555B6CC4454444242
31          443666534555555554444445555555555555666444444443334466333335555555333433475555B6CC5554444242
32          443666534555555554444445555555555555666444444443334466333335555554334433475555B6CC5554444342
33          443666433555555554444445555555555555666444444443334466333335555554334433475555B4CE5554444342
34          443666433555555554444335555555555555666444444443334465333334444444334433475555949E5544344242
35          44366643444444555444333444555554444555544444444333446533333444444433443355555594774444344242
36          44466644444444555444333444555554444444444444444333445533444444444434443355554494774444344242
37          44444444444444344444333444444444444444444444444333444433444444444434443343334444444444322222
38          22222222222222222222222222222222222222222222222222222222222222222222222222222222222222222222

Tree length = 335
Consistency index (CI) = 0.6716
Homoplasy index (HI) = 0.3284
CI excluding uninformative characters = 0.6296
HI excluding uninformative characters = 0.3704
Retention index (RI) = 0.4931
Rescaled consistency index (RC) = 0.3312

Tree 5:

Branch lengths and linkages for tree #5

                                     Assigned       Minimum       Maximum
                    Connected          branch      possible      possible
   Node              to node           length        length        length
-------------------------------------------------------------------------
    39                root                  0             0             0
    38                  39                 87             0            87
    37                  38                 23             3            34
    36                  37                 13             8            16
    35                  36                 23            15            30
    34                  35                 14            11            17
    33                  34                  4             1             6
    32                  33                  3             2             6
    21                  32                  1             1             1
CO8PA1 (1)              21                 10            10            10
CO8PA5 (16)             21                  4             4             4
    31                  32                  2             2             2
    22                  31                  2             2             2
CO8PA11 (3)             22                  3             3             3
CO8PA7 (18)             22                  3             3             3
    30                  31                  1             0             1
    29                  30                  2             1             2
    26                  29                  2             2             3
    25                  26                  4             3             4
    24                  25                  5             3             7
    23                  24                  3             2             3
CO8PA14 (6)             23                  5             3             5
CO8PA18 (9)             23                 12            12            14
CO8PA20 (12)            24                  3             3             6
CO8PA17 (8)             25                  8             6             9
CO8PA8 (19)             26                  3             3             4
    28                  29                  4             3             4
    27                  28                  3             2             4
CO8PA16 (7)             27                 15            14            16
CO8PA3 (15)             27                  1             0             2
CO8PA6 (17)             28                  2             1             2
CO8PA23 (13)            30                  2             2             3
CO8PA10 (2)             33                  3             0             4
CO8PA2 (11)             34                  9             7            11
CO8PA19 (10)            35                  6             3            10
CO8PA13 (5)             36                 26            19            36
CO8PA24 (14)            37                 13            10            23
CO8PA12 (4)             38                 11             0            31
diploid (20)*           39                  0             0            87
-------------------------------------------------------------------------
Sum                                       335

Data matrix and reconstructed states for internal nodes:

                     1         2         3         4         5         6         7         8         9 9
Taxon/Node  12345678901234567890123456789012345678901234567890123456789012345678901234567890123456789012
--------------------------------------------------------------------------------------------------------
CO8PA1      443666534555555553334445555555544455666444454433334466333335555555333433477555C6CC5555444242
CO8PA10     443666534555555554444445555555555555666444444443334466333335555554334433475555BDDD5554444342
CO8PA11     443666534555555554444445555555555555666444444443334466333335555555333433475555B5CC4455433232
CO8PA12     44444444444444344444444444444444444444444444444443444444444444444444444443334444444444422222
CO8PA13     33355543444444444444333444444444444555533333333333446533333444444433333355555574774444344443
CO8PA14     433665534555555554444445555555555555666444444433333355333335555555333433466555BBBB5555444243
CO8PA16     433664434555555554444334445555555555666444444443334465443335555555334433665555A5AA4455444442
CO8PA17     433665534555555554444445555555555555666444444333334465443335555555333433475555B6BB4454433332
CO8PA18     443666344555555564444445555555544455666444444443334465333335555555334433466655A5BB5555444343
CO8PA19     443666443555555554445335555555555555666444444443334455333334444444334433477755959E5544344242
CO8PA2      443555433555555554444445555555555555666444444443334466333335555554334433575555B4EE5554433333
CO8PA20     433666434555555554444445555555555555666444444333334465333335555555333433466644BBBB5554444242
CO8PA23     443666334555555554444445555555555555666444444443334465333335555555333433465555B6CC4454444242
CO8PA24     44466654444444555444333444555554444444444444444333445633444555555534443355554494AA4346344242
CO8PA3      433665334555555554444445555555555555666444444443334466443335555555333433455555CCCC4455444242
CO8PA5      433666534555555554444445555555555555666444444444444466333335555555333433475555C6CC5554444242
CO8PA6      443665534555555554444445555555555555666444444443334466443335555555333433475555CCCC4454444342
CO8PA7      443665534555555554444445555555555555666444444443334466333335555555333433777555B5CC4455444242
CO8PA8      443665544555555554444445555555555555666444444443334466333335555555334433455555BBBB4454444242
diploid     22222222222222222222222222222222222222222222222222222222222222222222222222222222222222222222
21          443666534555555554444445555555555555666444444443334466333335555555333433475555C6CC5554444242
22          443666534555555554444445555555555555666444444443334466333335555555333433475555B5CC4455444242
23          433666534555555554444445555555555555666444444433334465333335555555333433466655BBBB5555444243
24          433666534555555554444445555555555555666444444333334465333335555555333433466655BBBB5554444242
25          433665534555555554444445555555555555666444444333334465333335555555333433465555BBBB4454444242
26          443665534555555554444445555555555555666444444443334466333335555555333433465555BBBB4454444242
27          433665334555555554444445555555555555666444444443334466443335555555333433465555CCCC4455444242
28          443665534555555554444445555555555555666444444443334466443335555555333433465555CCCC4454444242
29          443665534555555554444445555555555555666444444443334466333335555555333433465555BBCC4454444242
30          443666534555555554444445555555555555666444444443334466333335555555333433465555B6CC4454444242
31          443666534555555554444445555555555555666444444443334466333335555555333433475555B6CC4454444242
32          443666534555555554444445555555555555666444444443334466333335555555333433475555B6CC5554444242
33          443666534555555554444445555555555555666444444443334466333335555554334433475555B6CC5554444342
34          443666433555555554444445555555555555666444444443334466333335555554334433475555B4CE5554444342
35          443666433555555554444335555555555555666444444443334465333334444444334433475555949E5544344242
36          44366643444444555444333444555554444555544444444333446533333444444433443355555594774444344242
37          44466644444444555444333444555554444444444444444333445533444444444434443355554494774444344242
38          44444444444444344444333444444444444444444444444333444433444444444434443343334444444444322222
39          22222222222222222222222222222222222222222222222222222222222222222222222222222222222222222222

Tree length = 335
Consistency index (CI) = 0.6716
Homoplasy index (HI) = 0.3284
CI excluding uninformative characters = 0.6296
HI excluding uninformative characters = 0.3704
Retention index (RI) = 0.4931
Rescaled consistency index (RC) = 0.3312

Tree 6:

Branch lengths and linkages for tree #6

                                     Assigned       Minimum       Maximum
                    Connected          branch      possible      possible
   Node              to node           length        length        length
-------------------------------------------------------------------------
    39                root                  0             0             0
    38                  39                 87             0            87
    37                  38                 23             3            34
    36                  37                 13             8            16
    35                  36                 23            15            30
    34                  35                 14            11            17
    33                  34                  4             1             6
    32                  33                  3             2             6
    21                  32                  1             1             1
CO8PA1 (1)              21                 10            10            10
CO8PA5 (16)             21                  4             4             4
    31                  32                  2             2             2
    30                  31                  2             0             2
    22                  30                  1             1             2
CO8PA11 (3)             22                  4             3             4
CO8PA7 (18)             22                  2             2             3
    29                  30                  1             0             2
    26                  29                  2             2             3
    25                  26                  4             3             4
    24                  25                  6             4             7
    23                  24                  3             2             3
CO8PA14 (6)             23                  5             3             5
CO8PA18 (9)             23                 12            12            14
CO8PA20 (12)            24                  3             3             6
CO8PA17 (8)             25                  7             6             8
CO8PA8 (19)             26                  3             3             4
    28                  29                  4             3             4
    27                  28                  4             2             4
CO8PA16 (7)             27                 16            13            16
CO8PA3 (15)             27                  0             0             3
CO8PA6 (17)             28                  1             1             2
CO8PA23 (13)            31                  3             3             3
CO8PA10 (2)             33                  3             0             4
CO8PA2 (11)             34                  9             7            11
CO8PA19 (10)            35                  6             3            10
CO8PA13 (5)             36                 26            19            36
CO8PA24 (14)            37                 13            10            23
CO8PA12 (4)             38                 11             0            31
diploid (20)*           39                  0             0            87
-------------------------------------------------------------------------
Sum                                       335

Data matrix and reconstructed states for internal nodes:

                     1         2         3         4         5         6         7         8         9 9
Taxon/Node  12345678901234567890123456789012345678901234567890123456789012345678901234567890123456789012
--------------------------------------------------------------------------------------------------------
CO8PA1      443666534555555553334445555555544455666444454433334466333335555555333433477555C6CC5555444242
CO8PA10     443666534555555554444445555555555555666444444443334466333335555554334433475555BDDD5554444342
CO8PA11     443666534555555554444445555555555555666444444443334466333335555555333433475555B5CC4455433232
CO8PA12     44444444444444344444444444444444444444444444444443444444444444444444444443334444444444422222
CO8PA13     33355543444444444444333444444444444555533333333333446533333444444433333355555574774444344443
CO8PA14     433665534555555554444445555555555555666444444433333355333335555555333433466555BBBB5555444243
CO8PA16     433664434555555554444334445555555555666444444443334465443335555555334433665555A5AA4455444442
CO8PA17     433665534555555554444445555555555555666444444333334465443335555555333433475555B6BB4454433332
CO8PA18     443666344555555564444445555555544455666444444443334465333335555555334433466655A5BB5555444343
CO8PA19     443666443555555554445335555555555555666444444443334455333334444444334433477755959E5544344242
CO8PA2      443555433555555554444445555555555555666444444443334466333335555554334433575555B4EE5554433333
CO8PA20     433666434555555554444445555555555555666444444333334465333335555555333433466644BBBB5554444242
CO8PA23     443666334555555554444445555555555555666444444443334465333335555555333433465555B6CC4454444242
CO8PA24     44466654444444555444333444555554444444444444444333445633444555555534443355554494AA4346344242
CO8PA3      433665334555555554444445555555555555666444444443334466443335555555333433455555CCCC4455444242
CO8PA5      433666534555555554444445555555555555666444444444444466333335555555333433475555C6CC5554444242
CO8PA6      443665534555555554444445555555555555666444444443334466443335555555333433475555CCCC4454444342
CO8PA7      443665534555555554444445555555555555666444444443334466333335555555333433777555B5CC4455444242
CO8PA8      443665544555555554444445555555555555666444444443334466333335555555334433455555BBBB4454444242
diploid     22222222222222222222222222222222222222222222222222222222222222222222222222222222222222222222
21          443666534555555554444445555555555555666444444443334466333335555555333433475555C6CC5554444242
22          443665534555555554444445555555555555666444444443334466333335555555333433475555B5CC4455444242
23          433666534555555554444445555555555555666444444433334465333335555555333433466655BBBB5555444243
24          433666534555555554444445555555555555666444444333334465333335555555333433466655BBBB5554444242
25          433665534555555554444445555555555555666444444333334465333335555555333433475555BBBB4454444242
26          443665534555555554444445555555555555666444444443334466333335555555333433475555BBBB4454444242
27          433665334555555554444445555555555555666444444443334466443335555555333433455555CCCC4455444242
28          443665534555555554444445555555555555666444444443334466443335555555333433475555CCCC4454444242
29          443665534555555554444445555555555555666444444443334466333335555555333433475555BBCC4454444242
30          443665534555555554444445555555555555666444444443334466333335555555333433475555B5CC4454444242
31          443666534555555554444445555555555555666444444443334466333335555555333433475555B6CC4454444242
32          443666534555555554444445555555555555666444444443334466333335555555333433475555B6CC5554444242
33          443666534555555554444445555555555555666444444443334466333335555554334433475555B6CC5554444342
34          443666433555555554444445555555555555666444444443334466333335555554334433475555B4CE5554444342
35          443666433555555554444335555555555555666444444443334465333334444444334433475555949E5544344242
36          44366643444444555444333444555554444555544444444333446533333444444433443355555594774444344242
37          44466644444444555444333444555554444444444444444333445533444444444434443355554494774444344242
38          44444444444444344444333444444444444444444444444333444433444444444434443343334444444444322222
39          22222222222222222222222222222222222222222222222222222222222222222222222222222222222222222222

Tree length = 335
Consistency index (CI) = 0.6716
Homoplasy index (HI) = 0.3284
CI excluding uninformative characters = 0.6296
HI excluding uninformative characters = 0.3704
Retention index (RI) = 0.4931
Rescaled consistency index (RC) = 0.3312

Tree 7:

Branch lengths and linkages for tree #7

                                     Assigned       Minimum       Maximum
                    Connected          branch      possible      possible
   Node              to node           length        length        length
-------------------------------------------------------------------------
    39                root                  0             0             0
    38                  39                 87             0            87
    37                  38                 23             3            34
    36                  37                 13             8            16
    35                  36                 23            15            30
    34                  35                 14            11            17
    33                  34                  4             1             6
    32                  33                  3             2             6
    21                  32                  1             1             1
CO8PA1 (1)              21                 10            10            10
CO8PA5 (16)             21                  4             4             4
    31                  32                  2             2             2
    30                  31                  2             1             2
    25                  30                  1             0             2
    22                  25                  0             0             2
CO8PA11 (3)             22                  4             4             4
CO8PA7 (18)             22                  2             2             2
    24                  25                  4             3             4
    23                  24                  3             1             4
CO8PA16 (7)             23                 16            13            16
CO8PA3 (15)             23                  0             0             3
CO8PA6 (17)             24                  2             1             3
    29                  30                  3             2             3
    28                  29                  4             3             4
    27                  28                  6             4             7
    26                  27                  3             2             3
CO8PA14 (6)             26                  5             3             5
CO8PA18 (9)             26                 12            12            14
CO8PA20 (12)            27                  3             3             6
CO8PA17 (8)             28                  7             6             8
CO8PA8 (19)             29                  3             3             4
CO8PA23 (13)            31                  3             3             3
CO8PA10 (2)             33                  3             0             4
CO8PA2 (11)             34                  9             7            11
CO8PA19 (10)            35                  6             3            10
CO8PA13 (5)             36                 26            19            36
CO8PA24 (14)            37                 13            10            23
CO8PA12 (4)             38                 11             0            31
diploid (20)*           39                  0             0            87
-------------------------------------------------------------------------
Sum                                       335

Data matrix and reconstructed states for internal nodes:

                     1         2         3         4         5         6         7         8         9 9
Taxon/Node  12345678901234567890123456789012345678901234567890123456789012345678901234567890123456789012
--------------------------------------------------------------------------------------------------------
CO8PA1      443666534555555553334445555555544455666444454433334466333335555555333433477555C6CC5555444242
CO8PA10     443666534555555554444445555555555555666444444443334466333335555554334433475555BDDD5554444342
CO8PA11     443666534555555554444445555555555555666444444443334466333335555555333433475555B5CC4455433232
CO8PA12     44444444444444344444444444444444444444444444444443444444444444444444444443334444444444422222
CO8PA13     33355543444444444444333444444444444555533333333333446533333444444433333355555574774444344443
CO8PA14     433665534555555554444445555555555555666444444433333355333335555555333433466555BBBB5555444243
CO8PA16     433664434555555554444334445555555555666444444443334465443335555555334433665555A5AA4455444442
CO8PA17     433665534555555554444445555555555555666444444333334465443335555555333433475555B6BB4454433332
CO8PA18     443666344555555564444445555555544455666444444443334465333335555555334433466655A5BB5555444343
CO8PA19     443666443555555554445335555555555555666444444443334455333334444444334433477755959E5544344242
CO8PA2      443555433555555554444445555555555555666444444443334466333335555554334433575555B4EE5554433333
CO8PA20     433666434555555554444445555555555555666444444333334465333335555555333433466644BBBB5554444242
CO8PA23     443666334555555554444445555555555555666444444443334465333335555555333433465555B6CC4454444242
CO8PA24     44466654444444555444333444555554444444444444444333445633444555555534443355554494AA4346344242
CO8PA3      433665334555555554444445555555555555666444444443334466443335555555333433455555CCCC4455444242
CO8PA5      433666534555555554444445555555555555666444444444444466333335555555333433475555C6CC5554444242
CO8PA6      443665534555555554444445555555555555666444444443334466443335555555333433475555CCCC4454444342
CO8PA7      443665534555555554444445555555555555666444444443334466333335555555333433777555B5CC4455444242
CO8PA8      443665544555555554444445555555555555666444444443334466333335555555334433455555BBBB4454444242
diploid     22222222222222222222222222222222222222222222222222222222222222222222222222222222222222222222
21          443666534555555554444445555555555555666444444443334466333335555555333433475555C6CC5554444242
22          443665534555555554444445555555555555666444444443334466333335555555333433475555B5CC4455444242
23          433665334555555554444445555555555555666444444443334466443335555555333433455555CCCC4455444242
24          443665534555555554444445555555555555666444444443334466443335555555333433475555CCCC4455444242
25          443665534555555554444445555555555555666444444443334466333335555555333433475555B5CC4455444242
26          433666534555555554444445555555555555666444444433334465333335555555333433466655BBBB5555444243
27          433666534555555554444445555555555555666444444333334465333335555555333433466655BBBB5554444242
28          433665534555555554444445555555555555666444444333334465333335555555333433475555BBBB4454444242
29          443665534555555554444445555555555555666444444443334466333335555555333433475555BBBB4454444242
30          443665534555555554444445555555555555666444444443334466333335555555333433475555B5CC4454444242
31          443666534555555554444445555555555555666444444443334466333335555555333433475555B6CC4454444242
32          443666534555555554444445555555555555666444444443334466333335555555333433475555B6CC5554444242
33          443666534555555554444445555555555555666444444443334466333335555554334433475555B6CC5554444342
34          443666433555555554444445555555555555666444444443334466333335555554334433475555B4CE5554444342
35          443666433555555554444335555555555555666444444443334465333334444444334433475555949E5544344242
36          44366643444444555444333444555554444555544444444333446533333444444433443355555594774444344242
37          44466644444444555444333444555554444444444444444333445533444444444434443355554494774444344242
38          44444444444444344444333444444444444444444444444333444433444444444434443343334444444444322222
39          22222222222222222222222222222222222222222222222222222222222222222222222222222222222222222222

Tree length = 335
Consistency index (CI) = 0.6716
Homoplasy index (HI) = 0.3284
CI excluding uninformative characters = 0.6296
HI excluding uninformative characters = 0.3704
Retention index (RI) = 0.4931
Rescaled consistency index (RC) = 0.3312

Tree 8:

Branch lengths and linkages for tree #8

                                     Assigned       Minimum       Maximum
                    Connected          branch      possible      possible
   Node              to node           length        length        length
-------------------------------------------------------------------------
    39                root                  0             0             0
    38                  39                 87             0            87
    37                  38                 23             3            34
    36                  37                 13             8            16
    35                  36                 23            15            30
    34                  35                 14            11            17
    33                  34                  4             1             6
    32                  33                  3             2             6
    21                  32                  1             1             1
CO8PA1 (1)              21                 10            10            10
CO8PA5 (16)             21                  4             4             4
    31                  32                  2             2             2
    30                  31                  2             1             2
    27                  30                  0             0             1
    22                  27                  1             1             2
CO8PA11 (3)             22                  4             4             4
CO8PA7 (18)             22                  2             2             2
    26                  27                  3             2             3
    25                  26                  4             3             4
    24                  25                  6             4             7
    23                  24                  3             2             3
CO8PA14 (6)             23                  5             3             5
CO8PA18 (9)             23                 12            12            14
CO8PA20 (12)            24                  3             3             6
CO8PA17 (8)             25                  7             6             8
CO8PA8 (19)             26                  3             3             4
    29                  30                  4             3             4
    28                  29                  4             2             4
CO8PA16 (7)             28                 16            13            16
CO8PA3 (15)             28                  0             0             3
CO8PA6 (17)             29                  1             1             2
CO8PA23 (13)            31                  3             3             3
CO8PA10 (2)             33                  3             0             4
CO8PA2 (11)             34                  9             7            11
CO8PA19 (10)            35                  6             3            10
CO8PA13 (5)             36                 26            19            36
CO8PA24 (14)            37                 13            10            23
CO8PA12 (4)             38                 11             0            31
diploid (20)*           39                  0             0            87
-------------------------------------------------------------------------
Sum                                       335

Data matrix and reconstructed states for internal nodes:

                     1         2         3         4         5         6         7         8         9 9
Taxon/Node  12345678901234567890123456789012345678901234567890123456789012345678901234567890123456789012
--------------------------------------------------------------------------------------------------------
CO8PA1      443666534555555553334445555555544455666444454433334466333335555555333433477555C6CC5555444242
CO8PA10     443666534555555554444445555555555555666444444443334466333335555554334433475555BDDD5554444342
CO8PA11     443666534555555554444445555555555555666444444443334466333335555555333433475555B5CC4455433232
CO8PA12     44444444444444344444444444444444444444444444444443444444444444444444444443334444444444422222
CO8PA13     33355543444444444444333444444444444555533333333333446533333444444433333355555574774444344443
CO8PA14     433665534555555554444445555555555555666444444433333355333335555555333433466555BBBB5555444243
CO8PA16     433664434555555554444334445555555555666444444443334465443335555555334433665555A5AA4455444442
CO8PA17     433665534555555554444445555555555555666444444333334465443335555555333433475555B6BB4454433332
CO8PA18     443666344555555564444445555555544455666444444443334465333335555555334433466655A5BB5555444343
CO8PA19     443666443555555554445335555555555555666444444443334455333334444444334433477755959E5544344242
CO8PA2      443555433555555554444445555555555555666444444443334466333335555554334433575555B4EE5554433333
CO8PA20     433666434555555554444445555555555555666444444333334465333335555555333433466644BBBB5554444242
CO8PA23     443666334555555554444445555555555555666444444443334465333335555555333433465555B6CC4454444242
CO8PA24     44466654444444555444333444555554444444444444444333445633444555555534443355554494AA4346344242
CO8PA3      433665334555555554444445555555555555666444444443334466443335555555333433455555CCCC4455444242
CO8PA5      433666534555555554444445555555555555666444444444444466333335555555333433475555C6CC5554444242
CO8PA6      443665534555555554444445555555555555666444444443334466443335555555333433475555CCCC4454444342
CO8PA7      443665534555555554444445555555555555666444444443334466333335555555333433777555B5CC4455444242
CO8PA8      443665544555555554444445555555555555666444444443334466333335555555334433455555BBBB4454444242
diploid     22222222222222222222222222222222222222222222222222222222222222222222222222222222222222222222
21          443666534555555554444445555555555555666444444443334466333335555555333433475555C6CC5554444242
22          443665534555555554444445555555555555666444444443334466333335555555333433475555B5CC4455444242
23          433666534555555554444445555555555555666444444433334465333335555555333433466655BBBB5555444243
24          433666534555555554444445555555555555666444444333334465333335555555333433466655BBBB5554444242
25          433665534555555554444445555555555555666444444333334465333335555555333433475555BBBB4454444242
26          443665534555555554444445555555555555666444444443334466333335555555333433475555BBBB4454444242
27          443665534555555554444445555555555555666444444443334466333335555555333433475555B5CC4454444242
28          433665334555555554444445555555555555666444444443334466443335555555333433455555CCCC4455444242
29          443665534555555554444445555555555555666444444443334466443335555555333433475555CCCC4454444242
30          443665534555555554444445555555555555666444444443334466333335555555333433475555B5CC4454444242
31          443666534555555554444445555555555555666444444443334466333335555555333433475555B6CC4454444242
32          443666534555555554444445555555555555666444444443334466333335555555333433475555B6CC5554444242
33          443666534555555554444445555555555555666444444443334466333335555554334433475555B6CC5554444342
34          443666433555555554444445555555555555666444444443334466333335555554334433475555B4CE5554444342
35          443666433555555554444335555555555555666444444443334465333334444444334433475555949E5544344242
36          44366643444444555444333444555554444555544444444333446533333444444433443355555594774444344242
37          44466644444444555444333444555554444444444444444333445533444444444434443355554494774444344242
38          44444444444444344444333444444444444444444444444333444433444444444434443343334444444444322222
39          22222222222222222222222222222222222222222222222222222222222222222222222222222222222222222222

Tree length = 335
Consistency index (CI) = 0.6716
Homoplasy index (HI) = 0.3284
CI excluding uninformative characters = 0.6296
HI excluding uninformative characters = 0.3704
Retention index (RI) = 0.4931
Rescaled consistency index (RC) = 0.3312

Tree 9:

Branch lengths and linkages for tree #9

                                     Assigned       Minimum       Maximum
                    Connected          branch      possible      possible
   Node              to node           length        length        length
-------------------------------------------------------------------------
    38                root                  0             0             0
    37                  38                 87             0            87
    36                  37                 23             3            34
    35                  36                 13             8            16
    34                  35                 22            15            29
    33                  34                 14            11            17
    31                  33                  4             4             6
    21                  31                  1             1             1
CO8PA1 (1)              21                 10            10            10
CO8PA5 (16)             21                  4             4             4
    30                  31                  2             2             2
    22                  30                  2             2             2
CO8PA11 (3)             22                  3             3             3
CO8PA7 (18)             22                  3             3             3
    29                  30                  2             1             2
    26                  29                  2             2             3
    25                  26                  4             3             4
    24                  25                  6             4             7
    23                  24                  3             2             3
CO8PA14 (6)             23                  5             3             5
CO8PA18 (9)             23                 12            12            14
CO8PA20 (12)            24                  3             3             6
CO8PA17 (8)             25                  7             6             8
CO8PA8 (19)             26                  3             3             4
    28                  29                  4             3             4
    27                  28                  4             2             4
CO8PA16 (7)             27                 16            14            16
CO8PA3 (15)             27                  0             0             2
CO8PA6 (17)             28                  1             1             1
CO8PA23 (13)            30                  3             3             3
    32                  33                  2             1             2
CO8PA10 (2)             32                  2             2             4
CO8PA2 (11)             32                 11             9            11
CO8PA19 (10)            34                  7             4             9
CO8PA13 (5)             35                 26            19            36
CO8PA24 (14)            36                 13            10            23
CO8PA12 (4)             37                 11             0            31
diploid (20)*           38                  0             0            87
-------------------------------------------------------------------------
Sum                                       335

Data matrix and reconstructed states for internal nodes:

                     1         2         3         4         5         6         7         8         9 9
Taxon/Node  12345678901234567890123456789012345678901234567890123456789012345678901234567890123456789012
--------------------------------------------------------------------------------------------------------
CO8PA1      443666534555555553334445555555544455666444454433334466333335555555333433477555C6CC5555444242
CO8PA10     443666534555555554444445555555555555666444444443334466333335555554334433475555BDDD5554444342
CO8PA11     443666534555555554444445555555555555666444444443334466333335555555333433475555B5CC4455433232
CO8PA12     44444444444444344444444444444444444444444444444443444444444444444444444443334444444444422222
CO8PA13     33355543444444444444333444444444444555533333333333446533333444444433333355555574774444344443
CO8PA14     433665534555555554444445555555555555666444444433333355333335555555333433466555BBBB5555444243
CO8PA16     433664434555555554444334445555555555666444444443334465443335555555334433665555A5AA4455444442
CO8PA17     433665534555555554444445555555555555666444444333334465443335555555333433475555B6BB4454433332
CO8PA18     443666344555555564444445555555544455666444444443334465333335555555334433466655A5BB5555444343
CO8PA19     443666443555555554445335555555555555666444444443334455333334444444334433477755959E5544344242
CO8PA2      443555433555555554444445555555555555666444444443334466333335555554334433575555B4EE5554433333
CO8PA20     433666434555555554444445555555555555666444444333334465333335555555333433466644BBBB5554444242
CO8PA23     443666334555555554444445555555555555666444444443334465333335555555333433465555B6CC4454444242
CO8PA24     44466654444444555444333444555554444444444444444333445633444555555534443355554494AA4346344242
CO8PA3      433665334555555554444445555555555555666444444443334466443335555555333433455555CCCC4455444242
CO8PA5      433666534555555554444445555555555555666444444444444466333335555555333433475555C6CC5554444242
CO8PA6      443665534555555554444445555555555555666444444443334466443335555555333433475555CCCC4454444342
CO8PA7      443665534555555554444445555555555555666444444443334466333335555555333433777555B5CC4455444242
CO8PA8      443665544555555554444445555555555555666444444443334466333335555555334433455555BBBB4454444242
diploid     22222222222222222222222222222222222222222222222222222222222222222222222222222222222222222222
21          443666534555555554444445555555555555666444444443334466333335555555333433475555C6CC5554444242
22          443666534555555554444445555555555555666444444443334466333335555555333433475555B5CC4455444242
23          433666534555555554444445555555555555666444444433334465333335555555333433466655BBBB5555444243
24          433666534555555554444445555555555555666444444333334465333335555555333433466655BBBB5554444242
25          433665534555555554444445555555555555666444444333334465333335555555333433475555BBBB4454444242
26          443665534555555554444445555555555555666444444443334466333335555555333433475555BBBB4454444242
27          433665334555555554444445555555555555666444444443334466443335555555333433455555CCCC4455444242
28          443665534555555554444445555555555555666444444443334466443335555555333433475555CCCC4454444242
29          443665534555555554444445555555555555666444444443334466333335555555333433475555BBCC4454444242
30          443666534555555554444445555555555555666444444443334466333335555555333433475555B6CC4454444242
31          443666534555555554444445555555555555666444444443334466333335555555333433475555B6CC5554444242
32          443666534555555554444445555555555555666444444443334466333335555554334433475555B4DE5554444342
33          443666534555555554444445555555555555666444444443334466333335555554334433475555B4CE5554444242
34          443666434555555554444335555555555555666444444443334465333334444444334433475555949E5544344242
35          44366643444444555444333444555554444555544444444333446533333444444433443355555594774444344242
36          44466644444444555444333444555554444444444444444333445533444444444434443355554494774444344242
37          44444444444444344444333444444444444444444444444333444433444444444434443343334444444444322222
38          22222222222222222222222222222222222222222222222222222222222222222222222222222222222222222222

Tree length = 335
Consistency index (CI) = 0.6716
Homoplasy index (HI) = 0.3284
CI excluding uninformative characters = 0.6296
HI excluding uninformative characters = 0.3704
Retention index (RI) = 0.4931
Rescaled consistency index (RC) = 0.3312

Tree 10:

Branch lengths and linkages for tree #10

                                     Assigned       Minimum       Maximum
                    Connected          branch      possible      possible
   Node              to node           length        length        length
-------------------------------------------------------------------------
    38                root                  0             0             0
    37                  38                 87             0            87
    36                  37                 23             3            34
    35                  36                 13             8            16
    34                  35                 23            15            30
    33                  34                 14            11            17
    32                  33                  4             1             6
    31                  32                  3             2             6
    21                  31                  1             1             1
CO8PA1 (1)              21                 10            10            10
CO8PA5 (16)             21                  4             4             4
    30                  31                  2             2             2
    25                  30                  2             2             2
CO8PA11 (3)             25                  3             3             3
    24                  25                  1             1             1
    23                  24                  4             3             4
    22                  23                  3             1             3
CO8PA16 (7)             22                 16            13            16
CO8PA3 (15)             22                  0             0             3
CO8PA6 (17)             23                  2             2             3
CO8PA7 (18)             24                  2             2             2
    29                  30                  4             2             4
    28                  29                  4             3             4
    27                  28                  6             4             7
    26                  27                  3             2             3
CO8PA14 (6)             26                  5             3             5
CO8PA18 (9)             26                 12            12            14
CO8PA20 (12)            27                  3             3             6
CO8PA17 (8)             28                  7             6             9
CO8PA8 (19)             29                  3             3             5
CO8PA23 (13)            30                  3             3             3
CO8PA10 (2)             32                  3             0             4
CO8PA2 (11)             33                  9             7            11
CO8PA19 (10)            34                  6             3            10
CO8PA13 (5)             35                 26            19            36
CO8PA24 (14)            36                 13            10            23
CO8PA12 (4)             37                 11             0            31
diploid (20)*           38                  0             0            87
-------------------------------------------------------------------------
Sum                                       335

Data matrix and reconstructed states for internal nodes:

                     1         2         3         4         5         6         7         8         9 9
Taxon/Node  12345678901234567890123456789012345678901234567890123456789012345678901234567890123456789012
--------------------------------------------------------------------------------------------------------
CO8PA1      443666534555555553334445555555544455666444454433334466333335555555333433477555C6CC5555444242
CO8PA10     443666534555555554444445555555555555666444444443334466333335555554334433475555BDDD5554444342
CO8PA11     443666534555555554444445555555555555666444444443334466333335555555333433475555B5CC4455433232
CO8PA12     44444444444444344444444444444444444444444444444443444444444444444444444443334444444444422222
CO8PA13     33355543444444444444333444444444444555533333333333446533333444444433333355555574774444344443
CO8PA14     433665534555555554444445555555555555666444444433333355333335555555333433466555BBBB5555444243
CO8PA16     433664434555555554444334445555555555666444444443334465443335555555334433665555A5AA4455444442
CO8PA17     433665534555555554444445555555555555666444444333334465443335555555333433475555B6BB4454433332
CO8PA18     443666344555555564444445555555544455666444444443334465333335555555334433466655A5BB5555444343
CO8PA19     443666443555555554445335555555555555666444444443334455333334444444334433477755959E5544344242
CO8PA2      443555433555555554444445555555555555666444444443334466333335555554334433575555B4EE5554433333
CO8PA20     433666434555555554444445555555555555666444444333334465333335555555333433466644BBBB5554444242
CO8PA23     443666334555555554444445555555555555666444444443334465333335555555333433465555B6CC4454444242
CO8PA24     44466654444444555444333444555554444444444444444333445633444555555534443355554494AA4346344242
CO8PA3      433665334555555554444445555555555555666444444443334466443335555555333433455555CCCC4455444242
CO8PA5      433666534555555554444445555555555555666444444444444466333335555555333433475555C6CC5554444242
CO8PA6      443665534555555554444445555555555555666444444443334466443335555555333433475555CCCC4454444342
CO8PA7      443665534555555554444445555555555555666444444443334466333335555555333433777555B5CC4455444242
CO8PA8      443665544555555554444445555555555555666444444443334466333335555555334433455555BBBB4454444242
diploid     22222222222222222222222222222222222222222222222222222222222222222222222222222222222222222222
21          443666534555555554444445555555555555666444444443334466333335555555333433475555C6CC5554444242
22          433665334555555554444445555555555555666444444443334466443335555555333433455555CCCC4455444242
23          443665534555555554444445555555555555666444444443334466443335555555333433475555CCCC4455444242
24          443665534555555554444445555555555555666444444443334466333335555555333433475555B5CC4455444242
25          443666534555555554444445555555555555666444444443334466333335555555333433475555B5CC4455444242
26          433666534555555554444445555555555555666444444433334465333335555555333433466655BBBB5555444243
27          433666534555555554444445555555555555666444444333334465333335555555333433466655BBBB5554444242
28          433665534555555554444445555555555555666444444333334465333335555555333433475555BBBB4454444242
29          443665534555555554444445555555555555666444444443334466333335555555333433475555BBBB4454444242
30          443666534555555554444445555555555555666444444443334466333335555555333433475555B6CC4454444242
31          443666534555555554444445555555555555666444444443334466333335555555333433475555B6CC5554444242
32          443666534555555554444445555555555555666444444443334466333335555554334433475555B6CC5554444342
33          443666433555555554444445555555555555666444444443334466333335555554334433475555B4CE5554444342
34          443666433555555554444335555555555555666444444443334465333334444444334433475555949E5544344242
35          44366643444444555444333444555554444555544444444333446533333444444433443355555594774444344242
36          44466644444444555444333444555554444444444444444333445533444444444434443355554494774444344242
37          44444444444444344444333444444444444444444444444333444433444444444434443343334444444444322222
38          22222222222222222222222222222222222222222222222222222222222222222222222222222222222222222222

Tree length = 335
Consistency index (CI) = 0.6716
Homoplasy index (HI) = 0.3284
CI excluding uninformative characters = 0.6296
HI excluding uninformative characters = 0.3704
Retention index (RI) = 0.4931
Rescaled consistency index (RC) = 0.3312
